[toolblox.vercel.app/index.html]
[backblue.gif]
[fade.gif]
[index.html]
[toolblox.vercel.app/landing_style.css]
[cdnjs.cloudflare.com/ajax/libs/font-awesome/6.0.0/css/all.min.css]
[toolblox.vercel.app/weblogo.png]
[toolblox.vercel.app/faq.html]
[toolblox.vercel.app/how-it-works.html]
[toolblox.vercel.app/contact.html]
[toolblox.vercel.app/vc.png]
[toolblox.vercel.app/vc.html]
[toolblox.vercel.app/logo (2).png]
[toolblox.vercel.app/acchek.html]
[toolblox.vercel.app/gamecopy.png]
[toolblox.vercel.app/gamecopyer.html]
[toolblox.vercel.app/index.html]
[toolblox.vercel.app/landing_style.css]
[cdnjs.cloudflare.com/ajax/libs/font-awesome/6.0.0/css/all.min.css]
[cdn.jsdelivr.net/npm/particles.js@2.0.0/particles.min.js]
[toolblox.vercel.app/sections_style.css]
[cdnjs.cloudflare.com/ajax/libs/font-awesome/6.5.1/css/all.min.css]
[toolblox.vercel.app/faq.html]
[toolblox.vercel.app/how-it-works.html]
[toolblox.vercel.app/contact.html]
[toolblox.vercel.app/index-2.html]
[toolblox.vercel.app/style.css]
[toolblox.vercel.app/vchowitworks.html]
[toolblox.vercel.app/faqvc.html]
[toolblox.vercel.app/support.html]
[toolblox.vercel.app/vc.html]
[toolblox.vercel.app/vc.js]
[toolblox.vercel.app/logo.png]
[toolblox.vercel.app/tut.html]
[toolblox.vercel.app/stu.html]
[toolblox.vercel.app/acchek.html]
[toolblox.vercel.app/gamecopyer.html]
[toolblox.vercel.app/sections_style.css]
[cdnjs.cloudflare.com/ajax/libs/font-awesome/6.5.1/css/all.min.css]
[toolblox.vercel.app/index-2.html]
[toolblox.vercel.app/style.css]
[toolblox.vercel.app/vchowitworks.html]
[toolblox.vercel.app/faqvc.html]
[toolblox.vercel.app/support.html]
[toolblox.vercel.app/tut.html]
[toolblox.vercel.app/stu.html]
[toolblox.vercel.app/script.js]
